2	2	5	0.0000	0.2360	0.0569	0.9440	0.9281	017.Cardinal/Cardinal_0085_19162.jpg
4	2	5	0.0000	0.2260	0.1034	0.8480	0.6351	017.Cardinal/Cardinal_0094_17165.jpg
6	2	5	0.0000	0.4175	0.1460	0.9025	0.9540	017.Cardinal/Cardinal_0045_18021.jpg
10	2	5	0.0000	0.1494	0.1540	0.8759	0.8840	017.Cardinal/Cardinal_0054_19334.jpg
11	2	5	0.0000	0.2281	0.2360	0.6917	0.7880	017.Cardinal/Cardinal_0075_17946.jpg
14	2	5	0.0000	0.1120	0.2917	0.6980	0.6510	017.Cardinal/Cardinal_0066_17803.jpg
16	2	5	0.0000	0.0080	0.3967	0.3800	0.9952	017.Cardinal/Cardinal_0051_17223.jpg
20	2	5	0.0000	0.2500	0.2673	0.9980	0.9760	017.Cardinal/Cardinal_0019_17368.jpg
21	2	5	0.0000	0.3260	0.2096	0.5700	0.8499	017.Cardinal/Cardinal_0089_18005.jpg
22	2	5	0.0000	0.2400	0.1243	0.9800	0.8757	017.Cardinal/Cardinal_0025_17239.jpg
24	2	5	0.0000	0.4520	0.1532	0.8440	0.6445	017.Cardinal/Cardinal_0079_19044.jpg
26	2	5	0.0000	0.2240	0.1111	0.6860	0.9429	017.Cardinal/Cardinal_0029_17297.jpg
27	2	5	0.0000	0.1800	0.1965	0.7520	0.9120	017.Cardinal/Cardinal_0081_17291.jpg
29	2	5	0.0000	0.1480	0.1093	0.6300	0.9840	017.Cardinal/Cardinal_0007_18537.jpg
30	2	5	0.0000	0.1780	0.2080	0.9440	0.8533	017.Cardinal/Cardinal_0083_18042.jpg
31	2	5	0.0000	0.1740	0.1762	0.9420	0.8938	017.Cardinal/Cardinal_0020_18664.jpg
32	2	5	0.0000	0.1777	0.1620	0.7480	0.8840	017.Cardinal/Cardinal_0053_17541.jpg
33	2	5	0.0000	0.0880	0.3360	0.4200	0.8920	017.Cardinal/Cardinal_0028_18054.jpg
35	2	5	0.0000	0.0740	0.2727	0.7880	0.8091	017.Cardinal/Cardinal_0052_18334.jpg
38	2	5	0.0000	0.1380	0.3667	0.5880	0.8215	017.Cardinal/Cardinal_0084_17576.jpg
39	2	5	0.0000	0.1191	0.1940	0.6539	0.7220	017.Cardinal/Cardinal_0037_18092.jpg
41	2	5	0.0000	0.1960	0.0027	0.8940	0.9547	017.Cardinal/Cardinal_0056_18352.jpg
43	2	5	0.0000	0.1780	0.1040	0.8480	0.9060	017.Cardinal/Cardinal_0092_17591.jpg
45	2	5	0.0000	0.0000	0.1702	0.6820	0.9977	017.Cardinal/Cardinal_0039_17597.jpg
47	2	5	0.0000	0.2740	0.1244	0.6460	0.9470	017.Cardinal/Cardinal_0012_18638.jpg
50	2	5	0.0000	0.0938	0.0940	0.8949	0.9480	017.Cardinal/Cardinal_0104_17122.jpg
51	2	5	0.0000	0.0520	0.0814	0.8820	0.7201	017.Cardinal/Cardinal_0057_17128.jpg
54	2	5	0.0000	0.2214	0.2280	0.9738	0.8980	017.Cardinal/Cardinal_0060_17139.jpg
55	2	5	0.0000	0.3860	0.3040	0.8340	0.8320	017.Cardinal/Cardinal_0097_17396.jpg
56	2	5	0.0000	0.3183	0.1300	0.7898	0.9140	017.Cardinal/Cardinal_0002_18424.jpg
58	2	5	1.0000	0.1431	0.2380	0.8972	0.7840	036.Northern_Flicker/Northern_Flicker_0036_28681.jpg
62	2	5	1.0000	0.1920	0.2680	0.7460	0.8020	036.Northern_Flicker/Northern_Flicker_0075_28729.jpg
65	2	5	1.0000	0.2200	0.0571	0.6920	0.9339	036.Northern_Flicker/Northern_Flicker_0037_28751.jpg
66	2	5	1.0000	0.1340	0.1080	0.8360	0.8840	036.Northern_Flicker/Northern_Flicker_0050_28284.jpg
67	2	5	1.0000	0.1893	0.1280	0.6187	0.9220	036.Northern_Flicker/Northern_Flicker_0091_28799.jpg
71	2	5	1.0000	0.3860	0.1820	0.6560	0.7900	036.Northern_Flicker/Northern_Flicker_0132_28313.jpg
73	2	5	1.0000	0.3600	0.1006	0.8800	0.9939	036.Northern_Flicker/Northern_Flicker_0105_28836.jpg
75	2	5	1.0000	0.1538	0.1340	0.6044	0.9120	036.Northern_Flicker/Northern_Flicker_0035_28332.jpg
76	2	5	1.0000	0.3940	0.3033	0.8080	0.7898	036.Northern_Flicker/Northern_Flicker_0078_28338.jpg
77	2	5	1.0000	0.1983	0.1140	0.7570	0.9560	036.Northern_Flicker/Northern_Flicker_0077_28341.jpg
81	2	5	1.0000	0.1000	0.4860	0.5520	0.9211	036.Northern_Flicker/Northern_Flicker_0085_28378.jpg
82	2	5	1.0000	0.2960	0.2347	0.7540	0.9973	036.Northern_Flicker/Northern_Flicker_0123_28381.jpg
83	2	5	1.0000	0.4000	0.1577	0.7400	0.9330	036.Northern_Flicker/Northern_Flicker_0004_28854.jpg
86	2	5	1.0000	0.0100	0.0602	0.9840	0.9880	036.Northern_Flicker/Northern_Flicker_0054_28913.jpg
87	2	5	1.0000	0.1020	0.2041	0.9960	0.9734	036.Northern_Flicker/Northern_Flicker_0111_28402.jpg
89	2	5	1.0000	0.1960	0.1600	0.6437	0.8340	036.Northern_Flicker/Northern_Flicker_0139_28419.jpg
90	2	5	1.0000	0.1825	0.2680	0.8800	0.7800	036.Northern_Flicker/Northern_Flicker_0095_28938.jpg
92	2	5	1.0000	0.2360	0.1712	0.9660	0.8078	036.Northern_Flicker/Northern_Flicker_0106_28441.jpg
97	2	5	1.0000	0.1260	0.3025	0.7320	0.8543	036.Northern_Flicker/Northern_Flicker_0011_28466.jpg
98	2	5	1.0000	0.0460	0.1287	0.5820	0.9132	036.Northern_Flicker/Northern_Flicker_0138_28476.jpg
100	2	5	1.0000	0.2427	0.1080	0.7749	0.9500	036.Northern_Flicker/Northern_Flicker_0059_28488.jpg
102	2	5	1.0000	0.4120	0.0711	0.9460	0.8009	036.Northern_Flicker/Northern_Flicker_0118_28500.jpg
105	2	5	1.0000	0.3900	0.1580	0.7240	0.9140	036.Northern_Flicker/Northern_Flicker_0024_29041.jpg
106	2	5	1.0000	0.2525	0.1580	0.7650	0.9480	036.Northern_Flicker/Northern_Flicker_0008_28591.jpg
108	2	5	1.0000	0.1070	0.0760	0.8537	0.9440	036.Northern_Flicker/Northern_Flicker_0110_28602.jpg
109	2	5	1.0000	0.1020	0.2761	0.5760	0.8257	036.Northern_Flicker/Northern_Flicker_0016_28603.jpg
110	2	5	1.0000	0.1060	0.0511	0.8520	0.9970	036.Northern_Flicker/Northern_Flicker_0057_28606.jpg
111	2	5	1.0000	0.1682	0.1560	0.6997	0.9460	036.Northern_Flicker/Northern_Flicker_0096_28623.jpg
114	2	5	1.0000	0.2460	0.2252	0.7180	0.7688	036.Northern_Flicker/Northern_Flicker_0069_28924.jpg
116	2	5	1.0000	0.2340	0.2989	0.9460	0.9785	036.Northern_Flicker/Northern_Flicker_0107_28667.jpg
118	2	5	2.0000	0.1275	0.1820	0.7250	0.8160	047.American_Goldfinch/American_Goldfinch_0017_32272.jpg
121	2	5	2.0000	0.3860	0.2613	0.6760	0.8468	047.American_Goldfinch/American_Goldfinch_0133_32802.jpg
123	2	5	2.0000	0.2160	0.2154	0.7120	0.8692	047.American_Goldfinch/American_Goldfinch_0001_32306.jpg
126	2	5	2.0000	0.1360	0.1935	0.7580	0.9328	047.American_Goldfinch/American_Goldfinch_0128_32333.jpg
128	2	5	2.0000	0.0320	0.2854	0.4460	0.9619	047.American_Goldfinch/American_Goldfinch_0053_32359.jpg
130	2	5	2.0000	0.2140	0.1523	0.8200	0.9399	047.American_Goldfinch/American_Goldfinch_0087_32363.jpg
131	2	5	2.0000	0.0520	0.0528	0.9060	0.9648	047.American_Goldfinch/American_Goldfinch_0048_32885.jpg
132	2	5	2.0000	0.1000	0.4300	0.4500	0.7100	047.American_Goldfinch/American_Goldfinch_0135_32107.jpg
133	2	5	2.0000	0.1620	0.3100	0.4940	0.7875	047.American_Goldfinch/American_Goldfinch_0096_31876.jpg
134	2	5	2.0000	0.3940	0.2282	0.7360	0.5796	047.American_Goldfinch/American_Goldfinch_0092_32910.jpg
135	2	5	2.0000	0.2900	0.2459	0.9240	0.8950	047.American_Goldfinch/American_Goldfinch_0086_31887.jpg
139	2	5	2.0000	0.1880	0.3056	0.4380	0.7874	047.American_Goldfinch/American_Goldfinch_0134_32409.jpg
146	2	5	2.0000	0.2040	0.1628	0.7680	0.7248	047.American_Goldfinch/American_Goldfinch_0091_31938.jpg
149	2	5	2.0000	0.2180	0.1680	0.5000	0.6267	047.American_Goldfinch/American_Goldfinch_0126_32480.jpg
150	2	5	2.0000	0.1800	0.1371	0.5800	0.9221	047.American_Goldfinch/American_Goldfinch_0041_31969.jpg
151	2	5	2.0000	0.2540	0.3653	0.5820	0.6400	047.American_Goldfinch/American_Goldfinch_0045_31974.jpg
153	2	5	2.0000	0.3320	0.0984	0.9500	0.9922	047.American_Goldfinch/American_Goldfinch_0043_31993.jpg
154	2	5	2.0000	0.3560	0.4144	0.9740	0.9009	047.American_Goldfinch/American_Goldfinch_0111_32022.jpg
155	2	5	2.0000	0.0480	0.0789	0.9260	0.9211	047.American_Goldfinch/American_Goldfinch_0104_32540.jpg
157	2	5	2.0000	0.5000	0.1570	0.8140	0.9752	047.American_Goldfinch/American_Goldfinch_0037_32071.jpg
159	2	5	2.0000	0.2225	0.2960	0.6997	0.8740	047.American_Goldfinch/American_Goldfinch_0046_32105.jpg
164	2	5	2.0000	0.0940	0.3409	0.8580	0.7920	047.American_Goldfinch/American_Goldfinch_0089_32152.jpg
165	2	5	2.0000	0.1453	0.2320	0.7933	0.8300	047.American_Goldfinch/American_Goldfinch_0014_32154.jpg
166	2	5	2.0000	0.2926	0.1740	0.9345	0.9240	047.American_Goldfinch/American_Goldfinch_0056_32169.jpg
167	2	5	2.0000	0.4240	0.2828	0.9120	0.8484	047.American_Goldfinch/American_Goldfinch_0106_32182.jpg
168	2	5	2.0000	0.3453	0.3060	0.9159	0.8940	047.American_Goldfinch/American_Goldfinch_0100_32183.jpg
169	2	5	2.0000	0.1580	0.2299	0.9480	0.9851	047.American_Goldfinch/American_Goldfinch_0122_32186.jpg
171	2	5	2.0000	0.0880	0.2407	0.4040	0.8481	047.American_Goldfinch/American_Goldfinch_0121_32725.jpg
173	2	5	2.0000	0.2800	0.3913	0.4980	0.7826	047.American_Goldfinch/American_Goldfinch_0026_32222.jpg
175	2	5	2.0000	0.1040	0.2835	0.7400	0.7165	047.American_Goldfinch/American_Goldfinch_0003_32236.jpg
177	2	5	3.0000	0.2340	0.0339	0.6360	0.3864	068.Ruby_throated_Hummingbird/Ruby_Throated_Hummingbird_0045_57347.jpg
181	2	5	3.0000	0.2920	0.4640	0.7769	0.7080	068.Ruby_throated_Hummingbird/Ruby_Throated_Hummingbird_0054_57364.jpg
182	2	5	3.0000	0.0560	0.2600	0.8600	0.7725	068.Ruby_throated_Hummingbird/Ruby_Throated_Hummingbird_0088_57366.jpg
184	2	5	3.0000	0.1520	0.1031	0.7760	0.9688	068.Ruby_throated_Hummingbird/Ruby_Throated_Hummingbird_0071_57886.jpg
185	2	5	3.0000	0.0160	0.0570	0.9860	0.9767	068.Ruby_throated_Hummingbird/Ruby_Throated_Hummingbird_0049_57891.jpg
186	2	5	3.0000	0.0120	0.2583	0.5020	0.8529	068.Ruby_throated_Hummingbird/Ruby_Throated_Hummingbird_0064_57387.jpg
190	2	5	3.0000	0.1140	0.1636	0.5100	0.5247	068.Ruby_throated_Hummingbird/Ruby_Throated_Hummingbird_0083_57397.jpg
192	2	5	3.0000	0.0400	0.1188	0.9200	0.7210	068.Ruby_throated_Hummingbird/Ruby_Throated_Hummingbird_0030_57422.jpg
193	2	5	3.0000	0.0541	0.2820	0.8329	0.8000	068.Ruby_throated_Hummingbird/Ruby_Throated_Hummingbird_0042_57431.jpg
195	2	5	3.0000	0.3620	0.1231	0.9060	0.5706	068.Ruby_throated_Hummingbird/Ruby_Throated_Hummingbird_0024_57969.jpg
196	2	5	3.0000	0.1160	0.2949	0.5800	0.7865	068.Ruby_throated_Hummingbird/Ruby_Throated_Hummingbird_0106_57976.jpg
199	2	5	3.0000	0.1088	0.4860	0.6578	0.9180	068.Ruby_throated_Hummingbird/Ruby_Throated_Hummingbird_0095_57990.jpg
200	2	5	3.0000	0.0540	0.2533	0.5040	0.5893	068.Ruby_throated_Hummingbird/Ruby_Throated_Hummingbird_0096_57505.jpg
202	2	5	3.0000	0.1280	0.1907	0.9100	0.8892	068.Ruby_throated_Hummingbird/Ruby_Throated_Hummingbird_0098_57514.jpg
208	2	5	3.0000	0.4670	0.2640	0.8102	0.6800	068.Ruby_throated_Hummingbird/Ruby_Throated_Hummingbird_0079_58075.jpg
210	2	5	3.0000	0.4775	0.4640	0.8198	0.6900	068.Ruby_throated_Hummingbird/Ruby_Throated_Hummingbird_0119_57575.jpg
211	2	5	3.0000	0.1200	0.2920	0.6220	0.7713	068.Ruby_throated_Hummingbird/Ruby_Throated_Hummingbird_0117_58092.jpg
212	2	5	3.0000	0.0860	0.2213	0.7720	0.8992	068.Ruby_throated_Hummingbird/Ruby_Throated_Hummingbird_0111_58141.jpg
213	2	5	3.0000	0.1900	0.2974	0.7980	0.7493	068.Ruby_throated_Hummingbird/Ruby_Throated_Hummingbird_0034_58148.jpg
216	2	5	3.0000	0.2160	0.2900	0.8820	0.9075	068.Ruby_throated_Hummingbird/Ruby_Throated_Hummingbird_0001_58162.jpg
221	2	5	3.0000	0.0960	0.2784	0.8120	0.8097	068.Ruby_throated_Hummingbird/Ruby_Throated_Hummingbird_0059_58210.jpg
222	2	5	3.0000	0.2420	0.2598	0.8300	0.8515	068.Ruby_throated_Hummingbird/Ruby_Throated_Hummingbird_0078_57208.jpg
226	2	5	3.0000	0.0940	0.1550	0.8620	0.9375	068.Ruby_throated_Hummingbird/Ruby_Throated_Hummingbird_0003_58269.jpg
228	2	5	3.0000	0.0980	0.2183	0.8060	0.9218	068.Ruby_throated_Hummingbird/Ruby_Throated_Hummingbird_0010_58285.jpg
229	2	5	3.0000	0.0360	0.1813	0.7060	0.7642	068.Ruby_throated_Hummingbird/Ruby_Throated_Hummingbird_0055_57781.jpg
230	2	5	3.0000	0.1020	0.1940	0.8680	0.8580	068.Ruby_throated_Hummingbird/Ruby_Throated_Hummingbird_0084_58311.jpg
232	2	5	3.0000	0.0780	0.1411	0.5280	0.6564	068.Ruby_throated_Hummingbird/Ruby_Throated_Hummingbird_0058_57298.jpg
234	2	5	3.0000	0.1460	0.2094	0.8760	0.8070	068.Ruby_throated_Hummingbird/Ruby_Throated_Hummingbird_0027_58191.jpg
235	2	5	3.0000	0.1441	0.3100	0.9850	0.6220	068.Ruby_throated_Hummingbird/Ruby_Throated_Hummingbird_0107_57339.jpg
236	2	5	3.0000	0.1120	0.1893	0.8160	0.7542	068.Ruby_throated_Hummingbird/Ruby_Throated_Hummingbird_0110_57851.jpg
237	2	5	4.0000	0.1760	0.1036	0.9500	0.9256	073.Blue_Jay/Blue_Jay_0015_62916.jpg
239	2	5	4.0000	0.3300	0.0763	0.9420	0.6896	073.Blue_Jay/Blue_Jay_0052_63148.jpg
241	2	5	4.0000	0.2660	0.0511	0.8340	0.9760	073.Blue_Jay/Blue_Jay_0095_63505.jpg
243	2	5	4.0000	0.1940	0.2013	1.0000	0.9979	073.Blue_Jay/Blue_Jay_0013_61463.jpg
248	2	5	4.0000	0.1560	0.0213	0.8080	1.0000	073.Blue_Jay/Blue_Jay_0075_63021.jpg
249	2	5	4.0000	0.2780	0.2125	0.7380	0.9597	073.Blue_Jay/Blue_Jay_0066_61490.jpg
251	2	5	4.0000	0.2304	0.2500	0.7391	0.8880	073.Blue_Jay/Blue_Jay_0102_61494.jpg
254	2	5	4.0000	0.4292	0.2360	0.9333	0.9260	073.Blue_Jay/Blue_Jay_0038_62784.jpg
256	2	5	4.0000	0.1460	0.2573	0.8560	0.7076	073.Blue_Jay/Blue_Jay_0035_63560.jpg
258	2	5	4.0000	0.3583	0.5280	0.7646	0.7280	073.Blue_Jay/Blue_Jay_0089_61521.jpg
259	2	5	4.0000	0.1940	0.1041	0.6100	0.8862	073.Blue_Jay/Blue_Jay_0022_63074.jpg
261	2	5	4.0000	0.3680	0.2136	0.6000	0.6761	073.Blue_Jay/Blue_Jay_0042_61545.jpg
263	2	5	4.0000	0.0220	0.1330	0.7160	0.9287	073.Blue_Jay/Blue_Jay_0051_63339.jpg
269	2	5	4.0000	0.0900	0.2800	0.5180	0.8975	073.Blue_Jay/Blue_Jay_0085_62831.jpg
270	2	5	4.0000	0.2140	0.1347	0.8840	0.7581	073.Blue_Jay/Blue_Jay_0017_62854.jpg
272	2	5	4.0000	0.3540	0.2373	0.9840	0.9947	073.Blue_Jay/Blue_Jay_0078_62351.jpg
273	2	5	4.0000	0.0880	0.1442	0.6240	0.6026	073.Blue_Jay/Blue_Jay_0009_62873.jpg
274	2	5	4.0000	0.0340	0.2271	0.9280	0.7947	073.Blue_Jay/Blue_Jay_0027_63133.jpg
276	2	5	4.0000	0.3680	0.2251	0.6620	0.9145	073.Blue_Jay/Blue_Jay_0010_61939.jpg
278	2	5	4.0000	0.0280	0.2102	0.8620	0.6757	073.Blue_Jay/Blue_Jay_0061_63645.jpg
279	2	5	4.0000	0.0000	0.1476	0.6080	0.9970	073.Blue_Jay/Blue_Jay_0003_63408.jpg
280	2	5	4.0000	0.0920	0.1820	0.6160	0.7581	073.Blue_Jay/Blue_Jay_0080_61617.jpg
281	2	5	4.0000	0.1820	0.1100	0.7740	0.8100	073.Blue_Jay/Blue_Jay_0099_64435.jpg
282	2	5	4.0000	0.1862	0.2460	0.9399	0.8140	073.Blue_Jay/Blue_Jay_0024_63167.jpg
283	2	5	4.0000	0.2940	0.3125	0.6960	0.8200	073.Blue_Jay/Blue_Jay_0002_62657.jpg
284	2	5	4.0000	0.4240	0.3573	0.8740	0.6747	073.Blue_Jay/Blue_Jay_0070_63684.jpg
288	2	5	4.0000	0.3560	0.2436	0.5940	0.5940	073.Blue_Jay/Blue_Jay_0054_61656.jpg
291	2	5	4.0000	0.4080	0.1527	0.9880	0.8728	073.Blue_Jay/Blue_Jay_0048_62433.jpg
294	2	5	4.0000	0.2500	0.1455	0.8260	0.8303	073.Blue_Jay/Blue_Jay_0086_63394.jpg
296	2	5	4.0000	0.2960	0.5400	0.8160	0.8460	073.Blue_Jay/Blue_Jay_0074_63487.jpg
299	2	5	0.0000	0.0560	0.0569	0.7640	0.9281	017.Cardinal/Cardinal_0085_19162_flip.jpg
301	2	5	0.0000	0.1520	0.1034	0.7740	0.6351	017.Cardinal/Cardinal_0094_17165_flip.jpg
303	2	5	0.0000	0.0975	0.1460	0.5825	0.9540	017.Cardinal/Cardinal_0045_18021_flip.jpg
307	2	5	0.0000	0.1241	0.1540	0.8506	0.8840	017.Cardinal/Cardinal_0054_19334_flip.jpg
308	2	5	0.0000	0.3083	0.2360	0.7719	0.7880	017.Cardinal/Cardinal_0075_17946_flip.jpg
311	2	5	0.0000	0.3020	0.2917	0.8880	0.6510	017.Cardinal/Cardinal_0066_17803_flip.jpg
313	2	5	0.0000	0.6200	0.3967	0.9920	0.9952	017.Cardinal/Cardinal_0051_17223_flip.jpg
317	2	5	0.0000	0.0020	0.2673	0.7500	0.9760	017.Cardinal/Cardinal_0019_17368_flip.jpg
318	2	5	0.0000	0.4300	0.2096	0.6740	0.8499	017.Cardinal/Cardinal_0089_18005_flip.jpg
319	2	5	0.0000	0.0200	0.1243	0.7600	0.8757	017.Cardinal/Cardinal_0025_17239_flip.jpg
321	2	5	0.0000	0.1560	0.1532	0.5480	0.6445	017.Cardinal/Cardinal_0079_19044_flip.jpg
323	2	5	0.0000	0.3140	0.1111	0.7760	0.9429	017.Cardinal/Cardinal_0029_17297_flip.jpg
324	2	5	0.0000	0.2480	0.1965	0.8200	0.9120	017.Cardinal/Cardinal_0081_17291_flip.jpg
326	2	5	0.0000	0.3700	0.1093	0.8520	0.9840	017.Cardinal/Cardinal_0007_18537_flip.jpg
327	2	5	0.0000	0.0560	0.2080	0.8220	0.8533	017.Cardinal/Cardinal_0083_18042_flip.jpg
328	2	5	0.0000	0.0580	0.1762	0.8260	0.8938	017.Cardinal/Cardinal_0020_18664_flip.jpg
329	2	5	0.0000	0.2520	0.1620	0.8223	0.8840	017.Cardinal/Cardinal_0053_17541_flip.jpg
330	2	5	0.0000	0.5800	0.3360	0.9120	0.8920	017.Cardinal/Cardinal_0028_18054_flip.jpg
332	2	5	0.0000	0.2120	0.2727	0.9260	0.8091	017.Cardinal/Cardinal_0052_18334_flip.jpg
335	2	5	0.0000	0.4120	0.3667	0.8620	0.8215	017.Cardinal/Cardinal_0084_17576_flip.jpg
336	2	5	0.0000	0.3461	0.1940	0.8809	0.7220	017.Cardinal/Cardinal_0037_18092_flip.jpg
338	2	5	0.0000	0.1060	0.0027	0.8040	0.9547	017.Cardinal/Cardinal_0056_18352_flip.jpg
340	2	5	0.0000	0.1520	0.1040	0.8220	0.9060	017.Cardinal/Cardinal_0092_17591_flip.jpg
342	2	5	0.0000	0.3180	0.1702	1.0000	0.9977	017.Cardinal/Cardinal_0039_17597_flip.jpg
344	2	5	0.0000	0.3540	0.1244	0.7260	0.9470	017.Cardinal/Cardinal_0012_18638_flip.jpg
347	2	5	0.0000	0.1051	0.0940	0.9062	0.9480	017.Cardinal/Cardinal_0104_17122_flip.jpg
348	2	5	0.0000	0.1180	0.0814	0.9480	0.7201	017.Cardinal/Cardinal_0057_17128_flip.jpg
351	2	5	0.0000	0.0262	0.2280	0.7786	0.8980	017.Cardinal/Cardinal_0060_17139_flip.jpg
352	2	5	0.0000	0.1660	0.3040	0.6140	0.8320	017.Cardinal/Cardinal_0097_17396_flip.jpg
353	2	5	0.0000	0.2102	0.1300	0.6817	0.9140	017.Cardinal/Cardinal_0002_18424_flip.jpg
355	2	5	1.0000	0.1028	0.2380	0.8569	0.7840	036.Northern_Flicker/Northern_Flicker_0036_28681_flip.jpg
359	2	5	1.0000	0.2540	0.2680	0.8080	0.8020	036.Northern_Flicker/Northern_Flicker_0075_28729_flip.jpg
362	2	5	1.0000	0.3080	0.0571	0.7800	0.9339	036.Northern_Flicker/Northern_Flicker_0037_28751_flip.jpg
363	2	5	1.0000	0.1640	0.1080	0.8660	0.8840	036.Northern_Flicker/Northern_Flicker_0050_28284_flip.jpg
364	2	5	1.0000	0.3813	0.1280	0.8107	0.9220	036.Northern_Flicker/Northern_Flicker_0091_28799_flip.jpg
368	2	5	1.0000	0.3440	0.1820	0.6140	0.7900	036.Northern_Flicker/Northern_Flicker_0132_28313_flip.jpg
370	2	5	1.0000	0.1200	0.1006	0.6400	0.9939	036.Northern_Flicker/Northern_Flicker_0105_28836_flip.jpg
372	2	5	1.0000	0.3956	0.1340	0.8462	0.9120	036.Northern_Flicker/Northern_Flicker_0035_28332_flip.jpg
373	2	5	1.0000	0.1920	0.3033	0.6060	0.7898	036.Northern_Flicker/Northern_Flicker_0078_28338_flip.jpg
374	2	5	1.0000	0.2430	0.1140	0.8017	0.9560	036.Northern_Flicker/Northern_Flicker_0077_28341_flip.jpg
378	2	5	1.0000	0.4480	0.4860	0.9000	0.9211	036.Northern_Flicker/Northern_Flicker_0085_28378_flip.jpg
379	2	5	1.0000	0.2460	0.2347	0.7040	0.9973	036.Northern_Flicker/Northern_Flicker_0123_28381_flip.jpg
380	2	5	1.0000	0.2600	0.1577	0.6000	0.9330	036.Northern_Flicker/Northern_Flicker_0004_28854_flip.jpg
383	2	5	1.0000	0.0160	0.0602	0.9900	0.9880	036.Northern_Flicker/Northern_Flicker_0054_28913_flip.jpg
384	2	5	1.0000	0.0040	0.2041	0.8980	0.9734	036.Northern_Flicker/Northern_Flicker_0111_28402_flip.jpg
386	2	5	1.0000	0.3563	0.1600	0.8040	0.8340	036.Northern_Flicker/Northern_Flicker_0139_28419_flip.jpg
387	2	5	1.0000	0.1200	0.2680	0.8175	0.7800	036.Northern_Flicker/Northern_Flicker_0095_28938_flip.jpg
389	2	5	1.0000	0.0340	0.1712	0.7640	0.8078	036.Northern_Flicker/Northern_Flicker_0106_28441_flip.jpg
394	2	5	1.0000	0.2680	0.3025	0.8740	0.8543	036.Northern_Flicker/Northern_Flicker_0011_28466_flip.jpg
395	2	5	1.0000	0.4180	0.1287	0.9540	0.9132	036.Northern_Flicker/Northern_Flicker_0138_28476_flip.jpg
397	2	5	1.0000	0.2251	0.1080	0.7573	0.9500	036.Northern_Flicker/Northern_Flicker_0059_28488_flip.jpg
399	2	5	1.0000	0.0540	0.0711	0.5880	0.8009	036.Northern_Flicker/Northern_Flicker_0118_28500_flip.jpg
402	2	5	1.0000	0.2760	0.1580	0.6100	0.9140	036.Northern_Flicker/Northern_Flicker_0024_29041_flip.jpg
403	2	5	1.0000	0.2350	0.1580	0.7475	0.9480	036.Northern_Flicker/Northern_Flicker_0008_28591_flip.jpg
405	2	5	1.0000	0.1463	0.0760	0.8930	0.9440	036.Northern_Flicker/Northern_Flicker_0110_28602_flip.jpg
406	2	5	1.0000	0.4240	0.2761	0.8980	0.8257	036.Northern_Flicker/Northern_Flicker_0016_28603_flip.jpg
407	2	5	1.0000	0.1480	0.0511	0.8940	0.9970	036.Northern_Flicker/Northern_Flicker_0057_28606_flip.jpg
408	2	5	1.0000	0.3003	0.1560	0.8318	0.9460	036.Northern_Flicker/Northern_Flicker_0096_28623_flip.jpg
411	2	5	1.0000	0.2820	0.2252	0.7540	0.7688	036.Northern_Flicker/Northern_Flicker_0069_28924_flip.jpg
413	2	5	1.0000	0.0540	0.2989	0.7660	0.9785	036.Northern_Flicker/Northern_Flicker_0107_28667_flip.jpg
415	2	5	2.0000	0.2750	0.1820	0.8725	0.8160	047.American_Goldfinch/American_Goldfinch_0017_32272_flip.jpg
418	2	5	2.0000	0.3240	0.2613	0.6140	0.8468	047.American_Goldfinch/American_Goldfinch_0133_32802_flip.jpg
420	2	5	2.0000	0.2880	0.2154	0.7840	0.8692	047.American_Goldfinch/American_Goldfinch_0001_32306_flip.jpg
423	2	5	2.0000	0.2420	0.1935	0.8640	0.9328	047.American_Goldfinch/American_Goldfinch_0128_32333_flip.jpg
425	2	5	2.0000	0.5540	0.2854	0.9680	0.9619	047.American_Goldfinch/American_Goldfinch_0053_32359_flip.jpg
427	2	5	2.0000	0.1800	0.1523	0.7860	0.9399	047.American_Goldfinch/American_Goldfinch_0087_32363_flip.jpg
428	2	5	2.0000	0.0940	0.0528	0.9480	0.9648	047.American_Goldfinch/American_Goldfinch_0048_32885_flip.jpg
429	2	5	2.0000	0.5500	0.4300	0.9000	0.7100	047.American_Goldfinch/American_Goldfinch_0135_32107_flip.jpg
430	2	5	2.0000	0.5060	0.3100	0.8380	0.7875	047.American_Goldfinch/American_Goldfinch_0096_31876_flip.jpg
431	2	5	2.0000	0.2640	0.2282	0.6060	0.5796	047.American_Goldfinch/American_Goldfinch_0092_32910_flip.jpg
432	2	5	2.0000	0.0760	0.2459	0.7100	0.8950	047.American_Goldfinch/American_Goldfinch_0086_31887_flip.jpg
436	2	5	2.0000	0.5620	0.3056	0.8120	0.7874	047.American_Goldfinch/American_Goldfinch_0134_32409_flip.jpg
443	2	5	2.0000	0.2320	0.1628	0.7960	0.7248	047.American_Goldfinch/American_Goldfinch_0091_31938_flip.jpg
446	2	5	2.0000	0.5000	0.1680	0.7820	0.6267	047.American_Goldfinch/American_Goldfinch_0126_32480_flip.jpg
447	2	5	2.0000	0.4200	0.1371	0.8200	0.9221	047.American_Goldfinch/American_Goldfinch_0041_31969_flip.jpg
448	2	5	2.0000	0.4180	0.3653	0.7460	0.6400	047.American_Goldfinch/American_Goldfinch_0045_31974_flip.jpg
450	2	5	2.0000	0.0500	0.0984	0.6680	0.9922	047.American_Goldfinch/American_Goldfinch_0043_31993_flip.jpg
451	2	5	2.0000	0.0260	0.4144	0.6440	0.9009	047.American_Goldfinch/American_Goldfinch_0111_32022_flip.jpg
452	2	5	2.0000	0.0740	0.0789	0.9520	0.9211	047.American_Goldfinch/American_Goldfinch_0104_32540_flip.jpg
454	2	5	2.0000	0.1860	0.1570	0.5000	0.9752	047.American_Goldfinch/American_Goldfinch_0037_32071_flip.jpg
456	2	5	2.0000	0.3003	0.2960	0.7775	0.8740	047.American_Goldfinch/American_Goldfinch_0046_32105_flip.jpg
461	2	5	2.0000	0.1420	0.3409	0.9060	0.7920	047.American_Goldfinch/American_Goldfinch_0089_32152_flip.jpg
462	2	5	2.0000	0.2067	0.2320	0.8547	0.8300	047.American_Goldfinch/American_Goldfinch_0014_32154_flip.jpg
463	2	5	2.0000	0.0655	0.1740	0.7074	0.9240	047.American_Goldfinch/American_Goldfinch_0056_32169_flip.jpg
464	2	5	2.0000	0.0880	0.2828	0.5760	0.8484	047.American_Goldfinch/American_Goldfinch_0106_32182_flip.jpg
465	2	5	2.0000	0.0841	0.3060	0.6547	0.8940	047.American_Goldfinch/American_Goldfinch_0100_32183_flip.jpg
466	2	5	2.0000	0.0520	0.2299	0.8420	0.9851	047.American_Goldfinch/American_Goldfinch_0122_32186_flip.jpg
468	2	5	2.0000	0.5960	0.2407	0.9120	0.8481	047.American_Goldfinch/American_Goldfinch_0121_32725_flip.jpg
470	2	5	2.0000	0.5020	0.3913	0.7200	0.7826	047.American_Goldfinch/American_Goldfinch_0026_32222_flip.jpg
472	2	5	2.0000	0.2600	0.2835	0.8960	0.7165	047.American_Goldfinch/American_Goldfinch_0003_32236_flip.jpg
474	2	5	3.0000	0.3640	0.0339	0.7660	0.3864	068.Ruby_throated_Hummingbird/Ruby_Throated_Hummingbird_0045_57347_flip.jpg
478	2	5	3.0000	0.2231	0.4640	0.7080	0.7080	068.Ruby_throated_Hummingbird/Ruby_Throated_Hummingbird_0054_57364_flip.jpg
479	2	5	3.0000	0.1400	0.2600	0.9440	0.7725	068.Ruby_throated_Hummingbird/Ruby_Throated_Hummingbird_0088_57366_flip.jpg
481	2	5	3.0000	0.2240	0.1031	0.8480	0.9688	068.Ruby_throated_Hummingbird/Ruby_Throated_Hummingbird_0071_57886_flip.jpg
482	2	5	3.0000	0.0140	0.0570	0.9840	0.9767	068.Ruby_throated_Hummingbird/Ruby_Throated_Hummingbird_0049_57891_flip.jpg
483	2	5	3.0000	0.4980	0.2583	0.9880	0.8529	068.Ruby_throated_Hummingbird/Ruby_Throated_Hummingbird_0064_57387_flip.jpg
487	2	5	3.0000	0.4900	0.1636	0.8860	0.5247	068.Ruby_throated_Hummingbird/Ruby_Throated_Hummingbird_0083_57397_flip.jpg
489	2	5	3.0000	0.0800	0.1188	0.9600	0.7210	068.Ruby_throated_Hummingbird/Ruby_Throated_Hummingbird_0030_57422_flip.jpg
490	2	5	3.0000	0.1671	0.2820	0.9459	0.8000	068.Ruby_throated_Hummingbird/Ruby_Throated_Hummingbird_0042_57431_flip.jpg
492	2	5	3.0000	0.0940	0.1231	0.6380	0.5706	068.Ruby_throated_Hummingbird/Ruby_Throated_Hummingbird_0024_57969_flip.jpg
493	2	5	3.0000	0.4200	0.2949	0.8840	0.7865	068.Ruby_throated_Hummingbird/Ruby_Throated_Hummingbird_0106_57976_flip.jpg
496	2	5	3.0000	0.3422	0.4860	0.8912	0.9180	068.Ruby_throated_Hummingbird/Ruby_Throated_Hummingbird_0095_57990_flip.jpg
497	2	5	3.0000	0.4960	0.2533	0.9460	0.5893	068.Ruby_throated_Hummingbird/Ruby_Throated_Hummingbird_0096_57505_flip.jpg
499	2	5	3.0000	0.0900	0.1907	0.8720	0.8892	068.Ruby_throated_Hummingbird/Ruby_Throated_Hummingbird_0098_57514_flip.jpg
505	2	5	3.0000	0.1898	0.2640	0.5330	0.6800	068.Ruby_throated_Hummingbird/Ruby_Throated_Hummingbird_0079_58075_flip.jpg
507	2	5	3.0000	0.1802	0.4640	0.5225	0.6900	068.Ruby_throated_Hummingbird/Ruby_Throated_Hummingbird_0119_57575_flip.jpg
508	2	5	3.0000	0.3780	0.2920	0.8800	0.7713	068.Ruby_throated_Hummingbird/Ruby_Throated_Hummingbird_0117_58092_flip.jpg
509	2	5	3.0000	0.2280	0.2213	0.9140	0.8992	068.Ruby_throated_Hummingbird/Ruby_Throated_Hummingbird_0111_58141_flip.jpg
510	2	5	3.0000	0.2020	0.2974	0.8100	0.7493	068.Ruby_throated_Hummingbird/Ruby_Throated_Hummingbird_0034_58148_flip.jpg
513	2	5	3.0000	0.1180	0.2900	0.7840	0.9075	068.Ruby_throated_Hummingbird/Ruby_Throated_Hummingbird_0001_58162_flip.jpg
518	2	5	3.0000	0.1880	0.2784	0.9040	0.8097	068.Ruby_throated_Hummingbird/Ruby_Throated_Hummingbird_0059_58210_flip.jpg
519	2	5	3.0000	0.1700	0.2598	0.7580	0.8515	068.Ruby_throated_Hummingbird/Ruby_Throated_Hummingbird_0078_57208_flip.jpg
523	2	5	3.0000	0.1380	0.1550	0.9060	0.9375	068.Ruby_throated_Hummingbird/Ruby_Throated_Hummingbird_0003_58269_flip.jpg
525	2	5	3.0000	0.1940	0.2183	0.9020	0.9218	068.Ruby_throated_Hummingbird/Ruby_Throated_Hummingbird_0010_58285_flip.jpg
526	2	5	3.0000	0.2940	0.1813	0.9640	0.7642	068.Ruby_throated_Hummingbird/Ruby_Throated_Hummingbird_0055_57781_flip.jpg
527	2	5	3.0000	0.1320	0.1940	0.8980	0.8580	068.Ruby_throated_Hummingbird/Ruby_Throated_Hummingbird_0084_58311_flip.jpg
529	2	5	3.0000	0.4720	0.1411	0.9220	0.6564	068.Ruby_throated_Hummingbird/Ruby_Throated_Hummingbird_0058_57298_flip.jpg
531	2	5	3.0000	0.1240	0.2094	0.8540	0.8070	068.Ruby_throated_Hummingbird/Ruby_Throated_Hummingbird_0027_58191_flip.jpg
532	2	5	3.0000	0.0150	0.3100	0.8559	0.6220	068.Ruby_throated_Hummingbird/Ruby_Throated_Hummingbird_0107_57339_flip.jpg
533	2	5	3.0000	0.1840	0.1893	0.8880	0.7542	068.Ruby_throated_Hummingbird/Ruby_Throated_Hummingbird_0110_57851_flip.jpg
534	2	5	4.0000	0.0500	0.1036	0.8240	0.9256	073.Blue_Jay/Blue_Jay_0015_62916_flip.jpg
536	2	5	4.0000	0.0580	0.0763	0.6700	0.6896	073.Blue_Jay/Blue_Jay_0052_63148_flip.jpg
538	2	5	4.0000	0.1660	0.0511	0.7340	0.9760	073.Blue_Jay/Blue_Jay_0095_63505_flip.jpg
540	2	5	4.0000	0.0000	0.2013	0.8060	0.9979	073.Blue_Jay/Blue_Jay_0013_61463_flip.jpg
545	2	5	4.0000	0.1920	0.0213	0.8440	1.0000	073.Blue_Jay/Blue_Jay_0075_63021_flip.jpg
546	2	5	4.0000	0.2620	0.2125	0.7220	0.9597	073.Blue_Jay/Blue_Jay_0066_61490_flip.jpg
548	2	5	4.0000	0.2609	0.2500	0.7696	0.8880	073.Blue_Jay/Blue_Jay_0102_61494_flip.jpg
551	2	5	4.0000	0.0667	0.2360	0.5708	0.9260	073.Blue_Jay/Blue_Jay_0038_62784_flip.jpg
553	2	5	4.0000	0.1440	0.2573	0.8540	0.7076	073.Blue_Jay/Blue_Jay_0035_63560_flip.jpg
555	2	5	4.0000	0.2354	0.5280	0.6417	0.7280	073.Blue_Jay/Blue_Jay_0089_61521_flip.jpg
556	2	5	4.0000	0.3900	0.1041	0.8060	0.8862	073.Blue_Jay/Blue_Jay_0022_63074_flip.jpg
558	2	5	4.0000	0.4000	0.2136	0.6320	0.6761	073.Blue_Jay/Blue_Jay_0042_61545_flip.jpg
560	2	5	4.0000	0.2840	0.1330	0.9780	0.9287	073.Blue_Jay/Blue_Jay_0051_63339_flip.jpg
566	2	5	4.0000	0.4820	0.2800	0.9100	0.8975	073.Blue_Jay/Blue_Jay_0085_62831_flip.jpg
567	2	5	4.0000	0.1160	0.1347	0.7860	0.7581	073.Blue_Jay/Blue_Jay_0017_62854_flip.jpg
569	2	5	4.0000	0.0160	0.2373	0.6460	0.9947	073.Blue_Jay/Blue_Jay_0078_62351_flip.jpg
570	2	5	4.0000	0.3760	0.1442	0.9120	0.6026	073.Blue_Jay/Blue_Jay_0009_62873_flip.jpg
571	2	5	4.0000	0.0720	0.2271	0.9660	0.7947	073.Blue_Jay/Blue_Jay_0027_63133_flip.jpg
573	2	5	4.0000	0.3380	0.2251	0.6320	0.9145	073.Blue_Jay/Blue_Jay_0010_61939_flip.jpg
575	2	5	4.0000	0.1380	0.2102	0.9720	0.6757	073.Blue_Jay/Blue_Jay_0061_63645_flip.jpg
576	2	5	4.0000	0.3920	0.1476	1.0000	0.9970	073.Blue_Jay/Blue_Jay_0003_63408_flip.jpg
577	2	5	4.0000	0.3840	0.1820	0.9080	0.7581	073.Blue_Jay/Blue_Jay_0080_61617_flip.jpg
578	2	5	4.0000	0.2260	0.1100	0.8180	0.8100	073.Blue_Jay/Blue_Jay_0099_64435_flip.jpg
579	2	5	4.0000	0.0601	0.2460	0.8138	0.8140	073.Blue_Jay/Blue_Jay_0024_63167_flip.jpg
580	2	5	4.0000	0.3040	0.3125	0.7060	0.8200	073.Blue_Jay/Blue_Jay_0002_62657_flip.jpg
581	2	5	4.0000	0.1260	0.3573	0.5760	0.6747	073.Blue_Jay/Blue_Jay_0070_63684_flip.jpg
585	2	5	4.0000	0.4060	0.2436	0.6440	0.5940	073.Blue_Jay/Blue_Jay_0054_61656_flip.jpg
588	2	5	4.0000	0.0120	0.1527	0.5920	0.8728	073.Blue_Jay/Blue_Jay_0048_62433_flip.jpg
591	2	5	4.0000	0.1740	0.1455	0.7500	0.8303	073.Blue_Jay/Blue_Jay_0086_63394_flip.jpg
593	2	5	4.0000	0.1840	0.5400	0.7040	0.8460	073.Blue_Jay/Blue_Jay_0074_63487_flip.jpg
